Tue, 13 Sep 2016 14:27:17 +0800	[2]mt_rand(): max(20) is smaller than min(21)	\includes\libraries\captcha.lib.php	288
Tue, 13 Sep 2016 14:27:26 +0800	[2]mt_rand(): max(20) is smaller than min(21)	\includes\libraries\captcha.lib.php	288
Tue, 13 Sep 2016 14:27:35 +0800	[2]mt_rand(): max(20) is smaller than min(21)	\includes\libraries\captcha.lib.php	288
Tue, 13 Sep 2016 14:32:58 +0800	[2]mt_rand(): max(0) is smaller than min(1)	\includes\libraries\captcha.lib.php	274
Tue, 13 Sep 2016 17:37:23 +0800	[2]mt_rand(): max(20) is smaller than min(21)	\includes\libraries\captcha.lib.php	288
Wed, 14 Sep 2016 08:47:11 +0800	[256]MySQL Error[1064]: You have an error in your SQL syntax; check the manual that corresponds to your MySQL server version for the right syntax to use near '' at line 1
MySQL Query:select * from ecm_comworker WHERE company_id = 
Wrong File:  F:\www\kevin\eccore\model\mysql.php[506]	\eccore\model\mysql.php	287
Wed, 14 Sep 2016 08:47:20 +0800	[256]MySQL Error[1064]: You have an error in your SQL syntax; check the manual that corresponds to your MySQL server version for the right syntax to use near '' at line 1
MySQL Query:select * from ecm_comworker WHERE company_id = 
Wrong File:  F:\www\kevin\eccore\model\mysql.php[506]	\eccore\model\mysql.php	287
Wed, 14 Sep 2016 09:44:29 +0800	[2]mt_rand(): max(0) is smaller than min(1)	\includes\libraries\captcha.lib.php	274
Wed, 14 Sep 2016 09:44:36 +0800	[2]mt_rand(): max(20) is smaller than min(21)	\includes\libraries\captcha.lib.php	288
Wed, 14 Sep 2016 09:53:12 +0800	[2]mt_rand(): max(0) is smaller than min(1)	\includes\libraries\captcha.lib.php	274
Wed, 14 Sep 2016 09:54:55 +0800	[2]mt_rand(): max(20) is smaller than min(21)	\includes\libraries\captcha.lib.php	288
Wed, 14 Sep 2016 10:25:51 +0800	[256]MySQL Error[1064]: You have an error in your SQL syntax; check the manual that corresponds to your MySQL server version for the right syntax to use near '' at line 1
MySQL Query:select * from ecm_comworker WHERE company_id = 
Wrong File:  F:\www\kevin\eccore\model\mysql.php[506]	\eccore\model\mysql.php	287
Wed, 14 Sep 2016 11:55:47 +0800	[2]mt_rand(): max(20) is smaller than min(21)	\includes\libraries\captcha.lib.php	288
Wed, 14 Sep 2016 11:56:08 +0800	[2]mt_rand(): max(20) is smaller than min(21)	\includes\libraries\captcha.lib.php	288
